<?xml version="1.0" encoding="UTF-8"?>
<testsuite name="com.efrei.gererparcitapp.GererParcItAppApplicationTests" tests="1" skipped="0" failures="0" errors="0" timestamp="2024-03-27T14:17:38" hostname="LAPTOP-CFTP4CR9" time="0.604">
  <properties/>
  <testcase name="contextLoads()" classname="com.efrei.gererparcitapp.GererParcItAppApplicationTests" time="0.604"/>
  <system-out><![CDATA[15:17:37.541 [Test worker] INFO org.springframework.test.context.support.AnnotationConfigContextLoaderUtils -- Could not detect default configuration classes for test class [com.efrei.gererparcitapp.GererParcItAppApplicationTests]: GererParcItAppApplicationTests does not declare any static, non-private, non-final, nested classes annotated with @Configuration.
15:17:37.623 [Test worker] INFO org.springframework.boot.test.context.SpringBootTestContextBootstrapper -- Found @SpringBootConfiguration com.efrei.gererparcitapp.GererParcItAppApplication for test class com.efrei.gererparcitapp.GererParcItAppApplicationTests

  .   ____          _            __ _ _
 /\\ / ___'_ __ _ _(_)_ __  __ _ \ \ \ \
( ( )\___ | '_ | '_| | '_ \/ _` | \ \ \ \
 \\/  ___)| |_)| | | | | || (_| |  ) ) ) )
  '  |____| .__|_| |_|_| |_\__, | / / / /
 =========|_|==============|___/=/_/_/_/
 :: Spring Boot ::                (v3.2.4)

2024-03-27T15:17:37.964+01:00  INFO 11640 --- [gerer-parc-it-app] [    Test worker] c.e.g.GererParcItAppApplicationTests     : Starting GererParcItAppApplicationTests using Java 17.0.10 with PID 11640 (started by Utilisateur in C:\Users\Utilisateur\Desktop\PARC INFORMATIQUE\gerer-parc-it-app\gerer-parc-it-app)
2024-03-27T15:17:37.964+01:00  INFO 11640 --- [gerer-parc-it-app] [    Test worker] c.e.g.GererParcItAppApplicationTests     : No active profile set, falling back to 1 default profile: "default"
2024-03-27T15:17:38.845+01:00  INFO 11640 --- [gerer-parc-it-app] [    Test worker] c.e.g.GererParcItAppApplicationTests     : Started GererParcItAppApplicationTests in 1.073 seconds (process running for 2.077)
]]></system-out>
  <system-err><![CDATA[]]></system-err>
</testsuite>
